[15-Nov-2014 15:57:04 America/Los_Angeles] PHP Notice:  Undefined index: keyword2 in D:\home\site\wwwroot\generate.php on line 5
[15-Nov-2014 15:57:04 America/Los_Angeles] PHP Notice:  Undefined index: keyword3 in D:\home\site\wwwroot\generate.php on line 6
[15-Nov-2014 15:58:11 America/Los_Angeles] PHP Notice:  Undefined index: keyword2 in D:\home\site\wwwroot\generate.php on line 5
[15-Nov-2014 15:58:11 America/Los_Angeles] PHP Notice:  Undefined index: keyword3 in D:\home\site\wwwroot\generate.php on line 6
[15-Nov-2014 15:58:15 America/Los_Angeles] PHP Notice:  Undefined index: keyword2 in D:\home\site\wwwroot\generate.php on line 5
[15-Nov-2014 15:58:15 America/Los_Angeles] PHP Notice:  Undefined index: keyword3 in D:\home\site\wwwroot\generate.php on line 6
[15-Nov-2014 15:58:35 America/Los_Angeles] PHP Notice:  Undefined index: keyword2 in D:\home\site\wwwroot\generate.php on line 5
[15-Nov-2014 15:58:35 America/Los_Angeles] PHP Notice:  Undefined index: keyword3 in D:\home\site\wwwroot\generate.php on line 6
[15-Nov-2014 16:18:08 America/Los_Angeles] PHP Warning:  file_get_contents(http://wikipedia.com/wiki/gadfas): failed to open stream: HTTP request failed! HTTP/1.1 404 Not Found
 in D:\home\site\wwwroot\generate.php on line 15
[15-Nov-2014 16:33:16 America/Los_Angeles] PHP Warning:  file_get_contents(http://wikipedia.com/wiki/dafds): failed to open stream: HTTP request failed! HTTP/1.1 404 Not Found
 in D:\home\site\wwwroot\generate.php on line 15
[15-Nov-2014 17:28:10 America/Los_Angeles] PHP Warning:  file_get_contents(http://wikipedia.com/wiki/Ahhh): failed to open stream: HTTP request failed! HTTP/1.1 404 Not Found
 in D:\home\site\wwwroot\generate.php on line 29
[15-Nov-2014 17:28:10 America/Los_Angeles] PHP Notice:  Trying to get property of non-object in D:\home\site\wwwroot\generate.php on line 32
[15-Nov-2014 17:28:15 America/Los_Angeles] PHP Warning:  file_get_contents(http://wikipedia.com/wiki/Ahhh): failed to open stream: HTTP request failed! HTTP/1.1 404 Not Found
 in D:\home\site\wwwroot\generate.php on line 29
[15-Nov-2014 17:28:15 America/Los_Angeles] PHP Notice:  Trying to get property of non-object in D:\home\site\wwwroot\generate.php on line 32
[15-Nov-2014 17:31:43 America/Los_Angeles] PHP Notice:  Undefined variable: p in D:\home\site\wwwroot\generate.php on line 19
[15-Nov-2014 17:32:06 America/Los_Angeles] PHP Notice:  Undefined variable: p in D:\home\site\wwwroot\generate.php on line 19
[15-Nov-2014 17:33:34 America/Los_Angeles] PHP Warning:  file_get_contents(http://wikipedia.com/wiki/tim_cook): failed to open stream: HTTP request failed! HTTP/1.1 404 Not Found
 in D:\home\site\wwwroot\generate.php on line 15
[15-Nov-2014 17:33:34 America/Los_Angeles] PHP Notice:  Trying to get property of non-object in D:\home\site\wwwroot\generate.php on line 18
[15-Nov-2014 17:33:34 America/Los_Angeles] PHP Notice:  Undefined variable: p in D:\home\site\wwwroot\generate.php on line 19
[15-Nov-2014 17:33:49 America/Los_Angeles] PHP Warning:  file_get_contents(http://wikipedia.com/wiki/tim_cook): failed to open stream: HTTP request failed! HTTP/1.1 404 Not Found
 in D:\home\site\wwwroot\generate.php on line 15
[15-Nov-2014 17:33:49 America/Los_Angeles] PHP Notice:  Trying to get property of non-object in D:\home\site\wwwroot\generate.php on line 18
[15-Nov-2014 17:33:49 America/Los_Angeles] PHP Notice:  Undefined variable: p in D:\home\site\wwwroot\generate.php on line 19
[15-Nov-2014 17:33:59 America/Los_Angeles] PHP Warning:  file_get_contents(http://wikipedia.com/wiki/tim_cook): failed to open stream: HTTP request failed! HTTP/1.1 404 Not Found
 in D:\home\site\wwwroot\generate.php on line 15
[15-Nov-2014 17:33:59 America/Los_Angeles] PHP Notice:  Trying to get property of non-object in D:\home\site\wwwroot\generate.php on line 18
[15-Nov-2014 17:33:59 America/Los_Angeles] PHP Notice:  Undefined variable: p in D:\home\site\wwwroot\generate.php on line 19
[15-Nov-2014 17:35:59 America/Los_Angeles] PHP Warning:  file_get_contents(http://wikipedia.com/wiki/tim_cook): failed to open stream: HTTP request failed! HTTP/1.1 404 Not Found
 in D:\home\site\wwwroot\generate.php on line 15
[15-Nov-2014 17:35:59 America/Los_Angeles] PHP Notice:  Trying to get property of non-object in D:\home\site\wwwroot\generate.php on line 18
[15-Nov-2014 17:35:59 America/Los_Angeles] PHP Notice:  Undefined variable: p in D:\home\site\wwwroot\generate.php on line 19
[15-Nov-2014 17:39:51 America/Los_Angeles] PHP Warning:  file_get_contents(http://wikipedia.com/wiki/tim_cook): failed to open stream: HTTP request failed! HTTP/1.1 404 Not Found
 in D:\home\site\wwwroot\generate.php on line 15
[15-Nov-2014 17:39:51 America/Los_Angeles] PHP Notice:  Trying to get property of non-object in D:\home\site\wwwroot\generate.php on line 18
[15-Nov-2014 17:39:51 America/Los_Angeles] PHP Notice:  Undefined variable: p in D:\home\site\wwwroot\generate.php on line 19
[15-Nov-2014 17:40:29 America/Los_Angeles] PHP Notice:  Undefined variable: p in D:\home\site\wwwroot\generate.php on line 19
[15-Nov-2014 17:40:44 America/Los_Angeles] PHP Notice:  Undefined variable: p in D:\home\site\wwwroot\generate.php on line 19
[15-Nov-2014 17:41:48 America/Los_Angeles] PHP Notice:  Undefined variable: p in D:\home\site\wwwroot\generate.php on line 19
[15-Nov-2014 17:43:09 America/Los_Angeles] PHP Warning:  file_get_contents(http://wikipedia.com/wiki/tim_cook): failed to open stream: HTTP request failed! HTTP/1.1 404 Not Found
 in D:\home\site\wwwroot\generate.php on line 15
[15-Nov-2014 17:43:09 America/Los_Angeles] PHP Notice:  Trying to get property of non-object in D:\home\site\wwwroot\generate.php on line 18
[15-Nov-2014 17:43:09 America/Los_Angeles] PHP Notice:  Undefined variable: p in D:\home\site\wwwroot\generate.php on line 19
[15-Nov-2014 17:43:42 America/Los_Angeles] PHP Warning:  file_get_contents(http://wikipedia.com/wiki/tim_cook): failed to open stream: HTTP request failed! HTTP/1.1 404 Not Found
 in D:\home\site\wwwroot\generate.php on line 15
[15-Nov-2014 17:43:42 America/Los_Angeles] PHP Notice:  Trying to get property of non-object in D:\home\site\wwwroot\generate.php on line 18
[15-Nov-2014 17:44:08 America/Los_Angeles] PHP Warning:  file_get_contents(http://wikipedia.com/wiki/tim_cook): failed to open stream: HTTP request failed! HTTP/1.1 404 Not Found
 in D:\home\site\wwwroot\generate.php on line 15
[15-Nov-2014 17:44:08 America/Los_Angeles] PHP Notice:  Trying to get property of non-object in D:\home\site\wwwroot\generate.php on line 18
[15-Nov-2014 17:44:38 America/Los_Angeles] PHP Warning:  file_get_contents(http://wikipedia.com/wiki/tim_cook): failed to open stream: HTTP request failed! HTTP/1.1 404 Not Found
 in D:\home\site\wwwroot\generate.php on line 15
[15-Nov-2014 17:44:38 America/Los_Angeles] PHP Notice:  Trying to get property of non-object in D:\home\site\wwwroot\generate.php on line 18
[15-Nov-2014 17:44:43 America/Los_Angeles] PHP Warning:  file_get_contents(http://wikipedia.com/wiki/tim_cook): failed to open stream: HTTP request failed! HTTP/1.1 404 Not Found
 in D:\home\site\wwwroot\generate.php on line 15
[15-Nov-2014 17:44:43 America/Los_Angeles] PHP Notice:  Trying to get property of non-object in D:\home\site\wwwroot\generate.php on line 18
[15-Nov-2014 17:44:59 America/Los_Angeles] PHP Warning:  file_get_contents(http://wikipedia.com/wiki/tim_cook): failed to open stream: HTTP request failed! HTTP/1.1 404 Not Found
 in D:\home\site\wwwroot\generate.php on line 15
[15-Nov-2014 17:44:59 America/Los_Angeles] PHP Notice:  Trying to get property of non-object in D:\home\site\wwwroot\generate.php on line 18
[15-Nov-2014 17:45:12 America/Los_Angeles] PHP Warning:  file_get_contents(http://wikipedia.com/wiki/tim_cook): failed to open stream: HTTP request failed! HTTP/1.1 404 Not Found
 in D:\home\site\wwwroot\generate.php on line 15
[15-Nov-2014 17:45:12 America/Los_Angeles] PHP Notice:  Trying to get property of non-object in D:\home\site\wwwroot\generate.php on line 18
[15-Nov-2014 17:45:21 America/Los_Angeles] PHP Warning:  file_get_contents(http://wikipedia.com/wiki/tim_cook): failed to open stream: HTTP request failed! HTTP/1.1 404 Not Found
 in D:\home\site\wwwroot\generate.php on line 15
[15-Nov-2014 17:45:21 America/Los_Angeles] PHP Notice:  Trying to get property of non-object in D:\home\site\wwwroot\generate.php on line 18
[15-Nov-2014 17:45:32 America/Los_Angeles] PHP Warning:  file_get_contents(http://wikipedia.com/wiki/tim_cook): failed to open stream: HTTP request failed! HTTP/1.1 404 Not Found
 in D:\home\site\wwwroot\generate.php on line 15
[15-Nov-2014 17:45:32 America/Los_Angeles] PHP Notice:  Trying to get property of non-object in D:\home\site\wwwroot\generate.php on line 18
[15-Nov-2014 17:45:43 America/Los_Angeles] PHP Warning:  file_get_contents(http://wikipedia.com/wiki/TIM_COOK): failed to open stream: HTTP request failed! HTTP/1.1 404 Not Found
 in D:\home\site\wwwroot\generate.php on line 15
[15-Nov-2014 17:45:43 America/Los_Angeles] PHP Notice:  Trying to get property of non-object in D:\home\site\wwwroot\generate.php on line 18
[15-Nov-2014 17:46:25 America/Los_Angeles] PHP Warning:  file_get_contents(http://wikipedia.com/wiki/JEREMY): failed to open stream: HTTP request failed! HTTP/1.1 404 Not Found
 in D:\home\site\wwwroot\generate.php on line 15
[15-Nov-2014 17:46:25 America/Los_Angeles] PHP Notice:  Trying to get property of non-object in D:\home\site\wwwroot\generate.php on line 18
[15-Nov-2014 17:46:25 America/Los_Angeles] PHP Warning:  file_get_contents(http://wikipedia.com/wiki/JEREMY): failed to open stream: HTTP request failed! HTTP/1.1 404 Not Found
 in D:\home\site\wwwroot\generate.php on line 15
[15-Nov-2014 17:46:25 America/Los_Angeles] PHP Notice:  Trying to get property of non-object in D:\home\site\wwwroot\generate.php on line 18
[15-Nov-2014 17:46:30 America/Los_Angeles] PHP Warning:  file_get_contents(http://wikipedia.com/wiki/tim_cook): failed to open stream: HTTP request failed! HTTP/1.1 404 Not Found
 in D:\home\site\wwwroot\generate.php on line 15
[15-Nov-2014 17:46:30 America/Los_Angeles] PHP Notice:  Trying to get property of non-object in D:\home\site\wwwroot\generate.php on line 18
[15-Nov-2014 17:46:53 America/Los_Angeles] PHP Warning:  file_get_contents(http://wikipedia.com/wiki/tim_cook): failed to open stream: HTTP request failed! HTTP/1.1 404 Not Found
 in D:\home\site\wwwroot\generate.php on line 15
[15-Nov-2014 17:46:53 America/Los_Angeles] PHP Notice:  Trying to get property of non-object in D:\home\site\wwwroot\generate.php on line 18
[15-Nov-2014 17:48:46 America/Los_Angeles] PHP Warning:  file_get_contents(http://wikipedia.com/wiki/TIm_Cook): failed to open stream: HTTP request failed! HTTP/1.1 404 Not Found
 in D:\home\site\wwwroot\generate.php on line 15
[15-Nov-2014 17:48:46 America/Los_Angeles] PHP Notice:  Trying to get property of non-object in D:\home\site\wwwroot\generate.php on line 18
[15-Nov-2014 17:49:28 America/Los_Angeles] PHP Warning:  file_get_contents(http://wikipedia.com/wiki/TIm_Cook): failed to open stream: HTTP request failed! HTTP/1.1 404 Not Found
 in D:\home\site\wwwroot\generate.php on line 15
[15-Nov-2014 17:49:28 America/Los_Angeles] PHP Notice:  Trying to get property of non-object in D:\home\site\wwwroot\generate.php on line 18
[15-Nov-2014 17:49:36 America/Los_Angeles] PHP Notice:  Undefined index: headline in D:\home\site\wwwroot\generate.php on line 2
[15-Nov-2014 17:49:36 America/Los_Angeles] PHP Notice:  Undefined index: sentence in D:\home\site\wwwroot\generate.php on line 3
[15-Nov-2014 17:49:36 America/Los_Angeles] PHP Notice:  Undefined index: keyword1 in D:\home\site\wwwroot\generate.php on line 4
[15-Nov-2014 17:49:36 America/Los_Angeles] PHP Notice:  Undefined index: keyword2 in D:\home\site\wwwroot\generate.php on line 5
[15-Nov-2014 17:49:36 America/Los_Angeles] PHP Notice:  Undefined index: keyword3 in D:\home\site\wwwroot\generate.php on line 6
[15-Nov-2014 17:50:05 America/Los_Angeles] PHP Warning:  file_get_contents(http://wikipedia.com/wiki/TIm_Cook): failed to open stream: HTTP request failed! HTTP/1.1 404 Not Found
 in D:\home\site\wwwroot\generate.php on line 15
[15-Nov-2014 17:50:05 America/Los_Angeles] PHP Notice:  Trying to get property of non-object in D:\home\site\wwwroot\generate.php on line 18
[15-Nov-2014 17:52:05 America/Los_Angeles] PHP Parse error:  syntax error, unexpected '}', expecting ',' or ';' in D:\home\site\wwwroot\generate.php on line 17
[15-Nov-2014 17:52:09 America/Los_Angeles] PHP Parse error:  syntax error, unexpected '}', expecting ',' or ';' in D:\home\site\wwwroot\generate.php on line 17
[15-Nov-2014 17:52:11 America/Los_Angeles] PHP Parse error:  syntax error, unexpected '}', expecting ',' or ';' in D:\home\site\wwwroot\generate.php on line 17
[15-Nov-2014 18:22:21 America/Los_Angeles] PHP Parse error:  syntax error, unexpected '!=' (T_IS_NOT_EQUAL), expecting ',' or ')' in D:\home\site\wwwroot\generate.php on line 24
[15-Nov-2014 18:22:25 America/Los_Angeles] PHP Parse error:  syntax error, unexpected '!=' (T_IS_NOT_EQUAL), expecting ',' or ')' in D:\home\site\wwwroot\generate.php on line 24
[15-Nov-2014 18:24:52 America/Los_Angeles] PHP Warning:  file_get_contents(http://wikipedia.com/wiki/TestTes): failed to open stream: HTTP request failed! HTTP/1.1 404 Not Found
 in D:\home\site\wwwroot\generate.php on line 17
[15-Nov-2014 18:24:52 America/Los_Angeles] PHP Notice:  Trying to get property of non-object in D:\home\site\wwwroot\generate.php on line 20
[15-Nov-2014 18:36:06 America/Los_Angeles] PHP Notice:  Undefined index: keyword in D:\home\site\wwwroot\generate.php on line 4
[15-Nov-2014 18:36:08 America/Los_Angeles] PHP Notice:  Undefined variable: p1 in D:\home\site\wwwroot\generate.php on line 18
[15-Nov-2014 18:37:32 America/Los_Angeles] PHP Notice:  Undefined index: keyword in D:\home\site\wwwroot\generate.php on line 4
[15-Nov-2014 18:37:34 America/Los_Angeles] PHP Notice:  Undefined variable: p1 in D:\home\site\wwwroot\generate.php on line 18
[15-Nov-2014 18:42:11 America/Los_Angeles] PHP Notice:  Undefined index: keyword in D:\home\site\wwwroot\generate.php on line 4
[15-Nov-2014 18:42:12 America/Los_Angeles] PHP Notice:  Undefined variable: p1 in D:\home\site\wwwroot\generate.php on line 18
[15-Nov-2014 18:42:19 America/Los_Angeles] PHP Notice:  Undefined index: keyword in D:\home\site\wwwroot\generate.php on line 4
[15-Nov-2014 18:42:20 America/Los_Angeles] PHP Notice:  Undefined variable: p1 in D:\home\site\wwwroot\generate.php on line 18
[15-Nov-2014 18:42:59 America/Los_Angeles] PHP Notice:  Undefined index: keyword in D:\home\site\wwwroot\generate.php on line 4
[15-Nov-2014 18:43:00 America/Los_Angeles] PHP Notice:  Undefined variable: p1 in D:\home\site\wwwroot\generate.php on line 18
[15-Nov-2014 18:43:13 America/Los_Angeles] PHP Notice:  Undefined index: keyword in D:\home\site\wwwroot\generate.php on line 4
[15-Nov-2014 18:43:15 America/Los_Angeles] PHP Notice:  Undefined variable: p1 in D:\home\site\wwwroot\generate.php on line 18
[15-Nov-2014 18:43:19 America/Los_Angeles] PHP Notice:  Undefined index: keyword in D:\home\site\wwwroot\generate.php on line 4
[15-Nov-2014 18:43:19 America/Los_Angeles] PHP Notice:  Undefined index: keyword in D:\home\site\wwwroot\generate.php on line 4
[15-Nov-2014 18:43:20 America/Los_Angeles] PHP Notice:  Undefined variable: p1 in D:\home\site\wwwroot\generate.php on line 18
[15-Nov-2014 18:43:21 America/Los_Angeles] PHP Notice:  Undefined variable: p1 in D:\home\site\wwwroot\generate.php on line 18
[15-Nov-2014 18:43:33 America/Los_Angeles] PHP Notice:  Undefined index: keyword in D:\home\site\wwwroot\generate.php on line 4
[15-Nov-2014 18:43:34 America/Los_Angeles] PHP Notice:  Undefined variable: p1 in D:\home\site\wwwroot\generate.php on line 18
[15-Nov-2014 18:44:12 America/Los_Angeles] PHP Notice:  Undefined index: keyword in D:\home\site\wwwroot\generate.php on line 4
[15-Nov-2014 18:44:14 America/Los_Angeles] PHP Notice:  Undefined variable: p1 in D:\home\site\wwwroot\generate.php on line 18
[15-Nov-2014 18:44:23 America/Los_Angeles] PHP Notice:  Undefined index: keyword in D:\home\site\wwwroot\generate.php on line 4
[15-Nov-2014 18:44:25 America/Los_Angeles] PHP Notice:  Undefined variable: p1 in D:\home\site\wwwroot\generate.php on line 18
[15-Nov-2014 18:44:43 America/Los_Angeles] PHP Notice:  Undefined index: keyword in D:\home\site\wwwroot\generate.php on line 4
[15-Nov-2014 18:44:44 America/Los_Angeles] PHP Notice:  Undefined variable: p1 in D:\home\site\wwwroot\generate.php on line 18
[15-Nov-2014 18:45:32 America/Los_Angeles] PHP Notice:  Undefined index: keyword in D:\home\site\wwwroot\generate.php on line 4
[15-Nov-2014 18:45:33 America/Los_Angeles] PHP Notice:  Undefined variable: p1 in D:\home\site\wwwroot\generate.php on line 18
[15-Nov-2014 18:45:46 America/Los_Angeles] PHP Notice:  Undefined variable: p1 in D:\home\site\wwwroot\generate.php on line 18
[15-Nov-2014 18:46:21 America/Los_Angeles] PHP Notice:  Undefined index: keyword in D:\home\site\wwwroot\generate.php on line 4
[15-Nov-2014 18:46:22 America/Los_Angeles] PHP Notice:  Undefined variable: p1 in D:\home\site\wwwroot\generate.php on line 18
[15-Nov-2014 18:46:43 America/Los_Angeles] PHP Warning:  file_get_contents(http://wikipedia.com/wiki/TEst): failed to open stream: HTTP request failed! HTTP/1.1 404 Not Found
 in D:\home\site\wwwroot\generate.php on line 14
[15-Nov-2014 18:46:43 America/Los_Angeles] PHP Notice:  Trying to get property of non-object in D:\home\site\wwwroot\generate.php on line 17
[15-Nov-2014 18:46:43 America/Los_Angeles] PHP Notice:  Undefined variable: p1 in D:\home\site\wwwroot\generate.php on line 18
[15-Nov-2014 18:47:24 America/Los_Angeles] PHP Notice:  Undefined index: keyword in D:\home\site\wwwroot\generate.php on line 4
[15-Nov-2014 18:47:25 America/Los_Angeles] PHP Notice:  Undefined variable: p1 in D:\home\site\wwwroot\generate.php on line 14
[15-Nov-2014 18:47:30 America/Los_Angeles] PHP Notice:  Undefined index: keyword in D:\home\site\wwwroot\generate.php on line 4
[15-Nov-2014 18:47:31 America/Los_Angeles] PHP Notice:  Undefined variable: p1 in D:\home\site\wwwroot\generate.php on line 14
[15-Nov-2014 18:47:55 America/Los_Angeles] PHP Notice:  Undefined variable: p1 in D:\home\site\wwwroot\generate.php on line 14
[15-Nov-2014 18:48:22 America/Los_Angeles] PHP Notice:  Undefined index: keyword in D:\home\site\wwwroot\generate.php on line 4
[15-Nov-2014 18:48:23 America/Los_Angeles] PHP Notice:  Undefined variable: p1 in D:\home\site\wwwroot\generate.php on line 14
[15-Nov-2014 18:49:50 America/Los_Angeles] PHP Notice:  Undefined variable: p1 in D:\home\site\wwwroot\generate.php on line 14
[15-Nov-2014 18:50:21 America/Los_Angeles] PHP Notice:  Undefined index: keyword in D:\home\site\wwwroot\generate.php on line 4
[15-Nov-2014 18:50:22 America/Los_Angeles] PHP Notice:  Undefined variable: p1 in D:\home\site\wwwroot\generate.php on line 14
[15-Nov-2014 18:51:50 America/Los_Angeles] PHP Notice:  Undefined variable: p1 in D:\home\site\wwwroot\generate.php on line 14
[15-Nov-2014 18:52:19 America/Los_Angeles] PHP Notice:  Undefined variable: p1 in D:\home\site\wwwroot\generate.php on line 14
[15-Nov-2014 18:54:13 America/Los_Angeles] PHP Notice:  Undefined index: keyword in D:\home\site\wwwroot\generate.php on line 4
[15-Nov-2014 18:54:15 America/Los_Angeles] PHP Notice:  Undefined variable: p1 in D:\home\site\wwwroot\generate.php on line 14
[15-Nov-2014 18:55:26 America/Los_Angeles] PHP Notice:  Undefined variable: p1 in D:\home\site\wwwroot\generate.php on line 17
[15-Nov-2014 18:55:27 America/Los_Angeles] PHP Notice:  Undefined variable: p1 in D:\home\site\wwwroot\generate.php on line 17
[15-Nov-2014 18:55:42 America/Los_Angeles] PHP Notice:  Undefined variable: p1 in D:\home\site\wwwroot\generate.php on line 17
[15-Nov-2014 18:57:03 America/Los_Angeles] PHP Notice:  Undefined variable: p1 in D:\home\site\wwwroot\generate.php on line 17
[15-Nov-2014 18:58:28 America/Los_Angeles] PHP Notice:  Undefined variable: p1 in D:\home\site\wwwroot\generate.php on line 18
[15-Nov-2014 18:59:02 America/Los_Angeles] PHP Notice:  Undefined variable: p1 in D:\home\site\wwwroot\generate.php on line 18
[15-Nov-2014 18:59:39 America/Los_Angeles] PHP Warning:  file_get_contents(http://wikipedia.com/wiki/Testing_keyword): failed to open stream: HTTP request failed! HTTP/1.1 404 Not Found
 in D:\home\site\wwwroot\generate.php on line 14
[15-Nov-2014 18:59:39 America/Los_Angeles] PHP Notice:  Trying to get property of non-object in D:\home\site\wwwroot\generate.php on line 17
[15-Nov-2014 18:59:39 America/Los_Angeles] PHP Notice:  Undefined variable: p1 in D:\home\site\wwwroot\generate.php on line 18
[15-Nov-2014 19:00:08 America/Los_Angeles] PHP Notice:  Undefined variable: p1 in D:\home\site\wwwroot\generate.php on line 18
[15-Nov-2014 19:02:23 America/Los_Angeles] PHP Notice:  Undefined variable: p1 in D:\home\site\wwwroot\generate.php on line 20
[15-Nov-2014 19:02:49 America/Los_Angeles] PHP Notice:  Undefined variable: p1 in D:\home\site\wwwroot\generate.php on line 20
[15-Nov-2014 19:18:45 America/Los_Angeles] PHP Notice:  Undefined index: type in D:\home\site\wwwroot\generate.php on line 21
[15-Nov-2014 21:20:41 America/Los_Angeles] PHP Notice:  Undefined index: headline in D:\home\site\wwwroot\generate.php on line 2
[15-Nov-2014 21:20:41 America/Los_Angeles] PHP Notice:  Undefined index: sentence in D:\home\site\wwwroot\generate.php on line 3
[15-Nov-2014 21:20:41 America/Los_Angeles] PHP Notice:  Undefined index: keyword in D:\home\site\wwwroot\generate.php on line 4
[15-Nov-2014 21:20:42 America/Los_Angeles] PHP Notice:  Undefined index: type in D:\home\site\wwwroot\generate.php on line 22
[15-Nov-2014 21:20:42 America/Los_Angeles] PHP Notice:  Undefined index: type in D:\home\site\wwwroot\generate.php on line 30
[15-Nov-2014 21:20:42 America/Los_Angeles] PHP Notice:  Undefined index: type in D:\home\site\wwwroot\generate.php on line 38
[15-Nov-2014 21:20:42 America/Los_Angeles] PHP Notice:  Undefined index: type in D:\home\site\wwwroot\generate.php on line 46
[15-Nov-2014 21:21:52 America/Los_Angeles] PHP Notice:  Undefined index: headline in D:\home\site\wwwroot\generate.php on line 2
[15-Nov-2014 21:21:52 America/Los_Angeles] PHP Notice:  Undefined index: sentence in D:\home\site\wwwroot\generate.php on line 3
[15-Nov-2014 21:21:52 America/Los_Angeles] PHP Notice:  Undefined index: keyword in D:\home\site\wwwroot\generate.php on line 4
[15-Nov-2014 21:21:54 America/Los_Angeles] PHP Notice:  Undefined index: type in D:\home\site\wwwroot\generate.php on line 22
[15-Nov-2014 21:21:54 America/Los_Angeles] PHP Notice:  Undefined index: type in D:\home\site\wwwroot\generate.php on line 30
[15-Nov-2014 21:21:54 America/Los_Angeles] PHP Notice:  Undefined index: type in D:\home\site\wwwroot\generate.php on line 38
[15-Nov-2014 21:21:54 America/Los_Angeles] PHP Notice:  Undefined index: type in D:\home\site\wwwroot\generate.php on line 46
[15-Nov-2014 21:24:42 America/Los_Angeles] PHP Notice:  Undefined index: headline in D:\home\site\wwwroot\generate.php on line 2
[15-Nov-2014 21:24:42 America/Los_Angeles] PHP Notice:  Undefined index: sentence in D:\home\site\wwwroot\generate.php on line 3
[15-Nov-2014 21:24:42 America/Los_Angeles] PHP Notice:  Undefined index: keyword in D:\home\site\wwwroot\generate.php on line 4
[15-Nov-2014 21:30:49 America/Los_Angeles] PHP Notice:  Undefined index: headline in D:\home\site\wwwroot\generate.php on line 2
[15-Nov-2014 21:30:49 America/Los_Angeles] PHP Notice:  Undefined index: sentence in D:\home\site\wwwroot\generate.php on line 3
[15-Nov-2014 21:30:49 America/Los_Angeles] PHP Notice:  Undefined index: keyword in D:\home\site\wwwroot\generate.php on line 4
[15-Nov-2014 21:35:00 America/Los_Angeles] PHP Notice:  Undefined index: headline in D:\home\site\wwwroot\generate.php on line 2
[15-Nov-2014 21:35:00 America/Los_Angeles] PHP Notice:  Undefined index: sentence in D:\home\site\wwwroot\generate.php on line 3
[15-Nov-2014 21:35:00 America/Los_Angeles] PHP Notice:  Undefined index: keyword in D:\home\site\wwwroot\generate.php on line 4
[15-Nov-2014 21:40:43 America/Los_Angeles] PHP Notice:  Undefined index: headline in D:\home\site\wwwroot\generate.php on line 2
[15-Nov-2014 21:40:43 America/Los_Angeles] PHP Notice:  Undefined index: sentence in D:\home\site\wwwroot\generate.php on line 3
[15-Nov-2014 21:40:43 America/Los_Angeles] PHP Notice:  Undefined index: keyword in D:\home\site\wwwroot\generate.php on line 4
[15-Nov-2014 22:44:46 America/Los_Angeles] PHP Notice:  Undefined index: headline in D:\home\site\wwwroot\generate.php on line 2
[15-Nov-2014 22:44:46 America/Los_Angeles] PHP Notice:  Undefined index: sentence in D:\home\site\wwwroot\generate.php on line 3
[15-Nov-2014 22:44:46 America/Los_Angeles] PHP Notice:  Undefined index: keyword in D:\home\site\wwwroot\generate.php on line 4
[15-Nov-2014 23:57:50 America/Los_Angeles] PHP Warning:  file_get_contents(http://en.wikipedia.com/wiki/tim_cook): failed to open stream: HTTP request failed! HTTP/1.1 404 Not Found
 in D:\home\site\wwwroot\generate.php on line 13
[15-Nov-2014 23:57:50 America/Los_Angeles] PHP Notice:  Trying to get property of non-object in D:\home\site\wwwroot\generate.php on line 16
[15-Nov-2014 23:58:02 America/Los_Angeles] PHP Warning:  file_get_contents(http://en.wikipedia.com/wiki/tim_cook): failed to open stream: HTTP request failed! HTTP/1.1 404 Not Found
 in D:\home\site\wwwroot\generate.php on line 13
[15-Nov-2014 23:58:02 America/Los_Angeles] PHP Notice:  Trying to get property of non-object in D:\home\site\wwwroot\generate.php on line 16
[16-Nov-2014 00:36:24 America/Los_Angeles] PHP Notice:  Undefined index: headline in D:\home\site\wwwroot\generate.php on line 2
[16-Nov-2014 00:36:24 America/Los_Angeles] PHP Notice:  Undefined index: sentence in D:\home\site\wwwroot\generate.php on line 3
[16-Nov-2014 00:36:24 America/Los_Angeles] PHP Notice:  Undefined index: keyword in D:\home\site\wwwroot\generate.php on line 4
[16-Nov-2014 00:36:25 America/Los_Angeles] PHP Notice:  Undefined index: headline in D:\home\site\wwwroot\generate.php on line 2
[16-Nov-2014 00:36:25 America/Los_Angeles] PHP Notice:  Undefined index: sentence in D:\home\site\wwwroot\generate.php on line 3
[16-Nov-2014 00:36:25 America/Los_Angeles] PHP Notice:  Undefined index: keyword in D:\home\site\wwwroot\generate.php on line 4
[16-Nov-2014 03:00:49 America/Los_Angeles] PHP Notice:  Undefined index: headline in D:\home\site\wwwroot\generate.php on line 2
[16-Nov-2014 03:00:49 America/Los_Angeles] PHP Notice:  Undefined index: sentence in D:\home\site\wwwroot\generate.php on line 3
[16-Nov-2014 03:00:49 America/Los_Angeles] PHP Notice:  Undefined index: keyword in D:\home\site\wwwroot\generate.php on line 4
[16-Nov-2014 05:19:59 America/Los_Angeles] PHP Notice:  Undefined index: headline in D:\home\site\wwwroot\generate.php on line 2
[16-Nov-2014 05:19:59 America/Los_Angeles] PHP Notice:  Undefined index: sentence in D:\home\site\wwwroot\generate.php on line 3
[16-Nov-2014 05:19:59 America/Los_Angeles] PHP Notice:  Undefined index: keyword in D:\home\site\wwwroot\generate.php on line 4
[16-Nov-2014 05:20:04 America/Los_Angeles] PHP Notice:  Undefined index: headline in D:\home\site\wwwroot\generate.php on line 2
[16-Nov-2014 05:20:04 America/Los_Angeles] PHP Notice:  Undefined index: sentence in D:\home\site\wwwroot\generate.php on line 3
[16-Nov-2014 05:20:04 America/Los_Angeles] PHP Notice:  Undefined index: keyword in D:\home\site\wwwroot\generate.php on line 4
[16-Nov-2014 05:20:05 America/Los_Angeles] PHP Notice:  Undefined index: headline in D:\home\site\wwwroot\generate.php on line 2
[16-Nov-2014 05:20:05 America/Los_Angeles] PHP Notice:  Undefined index: sentence in D:\home\site\wwwroot\generate.php on line 3
[16-Nov-2014 05:20:05 America/Los_Angeles] PHP Notice:  Undefined index: keyword in D:\home\site\wwwroot\generate.php on line 4
[16-Nov-2014 05:25:14 America/Los_Angeles] PHP Notice:  Use of undefined constant GIS_ANY - assumed 'GIS_ANY' in D:\home\site\wwwroot\generate.php on line 93
[16-Nov-2014 05:25:14 America/Los_Angeles] PHP Notice:  Use of undefined constant GIS_ANY - assumed 'GIS_ANY' in D:\home\site\wwwroot\generate.php on line 93
[16-Nov-2014 05:25:14 America/Los_Angeles] PHP Notice:  Undefined variable: image_links in D:\home\site\wwwroot\generate.php on line 67
[16-Nov-2014 05:25:38 America/Los_Angeles] PHP Notice:  Use of undefined constant GIS_ANY - assumed 'GIS_ANY' in D:\home\site\wwwroot\generate.php on line 93
[16-Nov-2014 05:25:38 America/Los_Angeles] PHP Notice:  Use of undefined constant GIS_ANY - assumed 'GIS_ANY' in D:\home\site\wwwroot\generate.php on line 93
[16-Nov-2014 05:25:38 America/Los_Angeles] PHP Notice:  Undefined variable: image_links in D:\home\site\wwwroot\generate.php on line 67
[16-Nov-2014 05:27:13 America/Los_Angeles] PHP Notice:  Use of undefined constant GIS_ANY - assumed 'GIS_ANY' in D:\home\site\wwwroot\generate.php on line 93
[16-Nov-2014 05:27:13 America/Los_Angeles] PHP Notice:  Use of undefined constant GIS_ANY - assumed 'GIS_ANY' in D:\home\site\wwwroot\generate.php on line 93
[16-Nov-2014 05:27:14 America/Los_Angeles] PHP Notice:  Undefined variable: image_links in D:\home\site\wwwroot\generate.php on line 67
[16-Nov-2014 05:28:21 America/Los_Angeles] PHP Notice:  Use of undefined constant GIS_ANY - assumed 'GIS_ANY' in D:\home\site\wwwroot\generate.php on line 94
[16-Nov-2014 05:28:21 America/Los_Angeles] PHP Notice:  Use of undefined constant GIS_ANY - assumed 'GIS_ANY' in D:\home\site\wwwroot\generate.php on line 94
[16-Nov-2014 05:28:21 America/Los_Angeles] PHP Notice:  Undefined variable: image_links in D:\home\site\wwwroot\generate.php on line 68
[16-Nov-2014 05:28:21 America/Los_Angeles] PHP Warning:  file_get_contents(): Filename cannot be empty in D:\home\site\wwwroot\generate.php on line 48
[16-Nov-2014 05:28:44 America/Los_Angeles] PHP Notice:  Use of undefined constant GIS_ANY - assumed 'GIS_ANY' in D:\home\site\wwwroot\generate.php on line 95
[16-Nov-2014 05:28:44 America/Los_Angeles] PHP Notice:  Use of undefined constant GIS_ANY - assumed 'GIS_ANY' in D:\home\site\wwwroot\generate.php on line 95
[16-Nov-2014 05:28:44 America/Los_Angeles] PHP Notice:  Undefined variable: image_links in D:\home\site\wwwroot\generate.php on line 69
[16-Nov-2014 05:28:44 America/Los_Angeles] PHP Warning:  file_get_contents(): Filename cannot be empty in D:\home\site\wwwroot\generate.php on line 48
[16-Nov-2014 05:28:44 America/Los_Angeles] PHP Notice:  Use of undefined constant GIS_ANY - assumed 'GIS_ANY' in D:\home\site\wwwroot\generate.php on line 95
[16-Nov-2014 05:28:44 America/Los_Angeles] PHP Notice:  Use of undefined constant GIS_ANY - assumed 'GIS_ANY' in D:\home\site\wwwroot\generate.php on line 95
[16-Nov-2014 05:28:45 America/Los_Angeles] PHP Notice:  Undefined variable: image_links in D:\home\site\wwwroot\generate.php on line 69
[16-Nov-2014 05:28:45 America/Los_Angeles] PHP Warning:  file_get_contents(): Filename cannot be empty in D:\home\site\wwwroot\generate.php on line 50
[16-Nov-2014 05:28:55 America/Los_Angeles] PHP Notice:  Use of undefined constant GIS_ANY - assumed 'GIS_ANY' in D:\home\site\wwwroot\generate.php on line 95
[16-Nov-2014 05:28:55 America/Los_Angeles] PHP Notice:  Use of undefined constant GIS_ANY - assumed 'GIS_ANY' in D:\home\site\wwwroot\generate.php on line 95
[16-Nov-2014 05:28:55 America/Los_Angeles] PHP Notice:  Undefined variable: image_links in D:\home\site\wwwroot\generate.php on line 69
[16-Nov-2014 05:28:55 America/Los_Angeles] PHP Warning:  file_get_contents(): Filename cannot be empty in D:\home\site\wwwroot\generate.php on line 50
[16-Nov-2014 06:32:05 America/Los_Angeles] PHP Warning:  file_get_contents(http://en.wikipedia.com/wiki/Justin_Tinger): failed to open stream: HTTP request failed! HTTP/1.1 404 Not Found
 in D:\home\site\wwwroot\generate.php on line 13
[16-Nov-2014 06:32:05 America/Los_Angeles] PHP Notice:  Trying to get property of non-object in D:\home\site\wwwroot\generate.php on line 16
[16-Nov-2014 06:33:46 America/Los_Angeles] PHP Warning:  file_get_contents(http://en.wikipedia.com/wiki/Justin_Tinger): failed to open stream: HTTP request failed! HTTP/1.1 404 Not Found
 in D:\home\site\wwwroot\generate.php on line 13
[16-Nov-2014 06:33:46 America/Los_Angeles] PHP Notice:  Trying to get property of non-object in D:\home\site\wwwroot\generate.php on line 16
[16-Nov-2014 06:44:18 America/Los_Angeles] PHP Warning:  file_get_contents(http://en.wikipedia.com/wiki/Ryan_Empson): failed to open stream: HTTP request failed! HTTP/1.1 404 Not Found
 in D:\home\site\wwwroot\generate.php on line 13
[16-Nov-2014 06:44:18 America/Los_Angeles] PHP Notice:  Trying to get property of non-object in D:\home\site\wwwroot\generate.php on line 16
[16-Nov-2014 06:44:18 America/Los_Angeles] PHP Warning:  file_get_contents(http://en.wikipedia.com/wiki/Ryan_Empson): failed to open stream: HTTP request failed! HTTP/1.1 404 Not Found
 in D:\home\site\wwwroot\generate.php on line 13
[16-Nov-2014 06:44:18 America/Los_Angeles] PHP Notice:  Trying to get property of non-object in D:\home\site\wwwroot\generate.php on line 16
[16-Nov-2014 06:44:43 America/Los_Angeles] PHP Warning:  file_get_contents(http://en.wikipedia.com/wiki/Jeremy_Onuma): failed to open stream: HTTP request failed! HTTP/1.1 404 Not Found
 in D:\home\site\wwwroot\generate.php on line 13
[16-Nov-2014 06:44:43 America/Los_Angeles] PHP Notice:  Trying to get property of non-object in D:\home\site\wwwroot\generate.php on line 16
[16-Nov-2014 06:46:22 America/Los_Angeles] PHP Warning:  file_get_contents(http://en.wikipedia.com/wiki/Hack_RPI): failed to open stream: HTTP request failed! HTTP/1.1 404 Not Found
 in D:\home\site\wwwroot\generate.php on line 13
[16-Nov-2014 06:46:22 America/Los_Angeles] PHP Notice:  Trying to get property of non-object in D:\home\site\wwwroot\generate.php on line 16
[16-Nov-2014 06:49:02 America/Los_Angeles] PHP Warning:  file_get_contents(http://en.wikipedia.com/wiki/HackRPI): failed to open stream: HTTP request failed! HTTP/1.1 404 Not Found
 in D:\home\site\wwwroot\generate.php on line 13
[16-Nov-2014 06:49:02 America/Los_Angeles] PHP Notice:  Trying to get property of non-object in D:\home\site\wwwroot\generate.php on line 16
[16-Nov-2014 06:50:35 America/Los_Angeles] PHP Warning:  file_get_contents(http://en.wikipedia.com/wiki/HackRPI): failed to open stream: HTTP request failed! HTTP/1.1 404 Not Found
 in D:\home\site\wwwroot\generate.php on line 13
[16-Nov-2014 06:50:35 America/Los_Angeles] PHP Notice:  Trying to get property of non-object in D:\home\site\wwwroot\generate.php on line 16
